  [1m[35m (0.4ms)[0m  [1m[34mSELECT sqlite_version(*)[0m
  ↳ bin/rails:9
  [1m[35m (4.5ms)[0m  [1m[35mCREATE TABLE "schema_migrations" ("version" varchar NOT NULL PRIMARY KEY)[0m
  ↳ bin/rails:9
  [1m[35m (2.6ms)[0m  [1m[35mCREATE TABLE "ar_internal_metadata" ("key" varchar NOT NULL PRIMARY KEY, "value" varchar, "created_at" datetime NOT NULL, "updated_at" datetime NOT NULL)[0m
  ↳ bin/rails:9
  [1m[35m (0.2ms)[0m  [1m[34mSELECT "schema_migrations"."version" FROM "schema_migrations" ORDER BY "schema_migrations"."version" ASC[0m
  ↳ bin/rails:9
Migrating to CreateUsers (20180707231729)
  [1m[35m (0.1ms)[0m  [1m[36mbegin transaction[0m
  ↳ bin/rails:9
  [1m[35m (0.4ms)[0m  [1m[35mCREATE TABLE "users" ("id" integer PRIMARY KEY AUTOINCREMENT NOT NULL, "name" varchar, "email" varchar, "created_at" datetime NOT NULL, "updated_at" datetime NOT NULL)[0m
  ↳ db/migrate/20180707231729_create_users.rb:3
  [1m[36mActiveRecord::SchemaMigration Create (1.5ms)[0m  [1m[32mINSERT INTO "schema_migrations" ("version") VALUES (?)[0m  [["version", "20180707231729"]]
  ↳ bin/rails:9
  [1m[35m (5.3ms)[0m  [1m[36mcommit transaction[0m
  ↳ bin/rails:9
  [1m[36mActiveRecord::InternalMetadata Load (0.2ms)[0m  [1m[34mSELECT  "ar_internal_metadata".* FROM "ar_internal_metadata" WHERE "ar_internal_metadata"."key" = ? LIMIT ?[0m  [["key", "environment"], ["LIMIT", 1]]
  ↳ bin/rails:9
  [1m[35m (0.1ms)[0m  [1m[36mbegin transaction[0m
  ↳ bin/rails:9
  [1m[36mActiveRecord::InternalMetadata Create (0.4ms)[0m  [1m[32mINSERT INTO "ar_internal_metadata" ("key", "value", "created_at", "updated_at") VALUES (?, ?, ?, ?)[0m  [["key", "environment"], ["value", "development"], ["created_at", "2018-07-07 23:18:46.288684"], ["updated_at", "2018-07-07 23:18:46.288684"]]
  ↳ bin/rails:9
  [1m[35m (1.8ms)[0m  [1m[36mcommit transaction[0m
  ↳ bin/rails:9
  [1m[35m (0.1ms)[0m  [1m[34mSELECT "schema_migrations"."version" FROM "schema_migrations" ORDER BY "schema_migrations"."version" ASC[0m
  ↳ bin/rails:9
Started GET "/" for 127.0.0.1 at 2018-07-07 19:19:47 -0400
  [1m[35m (1.3ms)[0m  [1m[34mSELECT "schema_migrations"."version" FROM "schema_migrations" ORDER BY "schema_migrations"."version" ASC[0m
  ↳ /Users/cbatlstudent18cycle1/.rbenv/versions/2.5.1/lib/ruby/gems/2.5.0/gems/activerecord-5.2.0/lib/active_record/log_subscriber.rb:98
Processing by ApplicationController#hello as HTML
  Rendering html template
  Rendered html template (0.0ms)
Completed 200 OK in 24ms (Views: 15.1ms | ActiveRecord: 0.0ms)


Started GET "/users" for 127.0.0.1 at 2018-07-07 19:20:29 -0400
Processing by UsersController#index as HTML
  Rendering users/index.html.erb within layouts/application
  [1m[36mUser Load (1.6ms)[0m  [1m[34mSELECT "users".* FROM "users"[0m
  ↳ app/views/users/index.html.erb:15
  Rendered users/index.html.erb within layouts/application (9.8ms)
Completed 200 OK in 858ms (Views: 843.7ms | ActiveRecord: 3.1ms)


Started GET "/users/new" for 127.0.0.1 at 2018-07-07 19:20:32 -0400
Processing by UsersController#new as HTML
  Rendering users/new.html.erb within layouts/application
  Rendered users/_form.html.erb (42.3ms)
  Rendered users/new.html.erb within layouts/application (48.4ms)
Completed 200 OK in 116ms (Views: 85.7ms | ActiveRecord: 0.9ms)


Started GET "/users" for 127.0.0.1 at 2018-07-07 19:31:56 -0400
Processing by UsersController#index as HTML
  Rendering users/index.html.erb within layouts/application
  [1m[36mUser Load (0.2ms)[0m  [1m[34mSELECT "users".* FROM "users"[0m
  ↳ app/views/users/index.html.erb:15
  Rendered users/index.html.erb within layouts/application (2.0ms)
Completed 200 OK in 43ms (Views: 39.2ms | ActiveRecord: 0.2ms)


Started GET "/users/new" for 127.0.0.1 at 2018-07-07 19:32:52 -0400
Processing by UsersController#new as HTML
  Rendering users/new.html.erb within layouts/application
  Rendered users/_form.html.erb (3.7ms)
  Rendered users/new.html.erb within layouts/application (9.4ms)
Completed 200 OK in 58ms (Views: 54.7ms | ActiveRecord: 0.0ms)


Started POST "/users" for 127.0.0.1 at 2018-07-07 19:32:57 -0400
Processing by UsersController#create as HTML
  Parameters: {"utf8"=>"✓", "authenticity_token"=>"S57fyiHK0K+pbtUysiFZk+e9XMm5qTfJeF1gtpPjacwk5tqTCqSF45yIDnqzRY/7HbuXS6KCdZ2gk08s9dy3Sg==", "user"=>{"name"=>"Ashley Odom", "email"=>"aodom3@gmail.com"}, "commit"=>"Create User"}
  [1m[35m (0.1ms)[0m  [1m[36mbegin transaction[0m
  ↳ app/controllers/users_controller.rb:30
  [1m[36mUser Create (1.8ms)[0m  [1m[32mINSERT INTO "users" ("name", "email", "created_at", "updated_at") VALUES (?, ?, ?, ?)[0m  [["name", "Ashley Odom"], ["email", "aodom3@gmail.com"], ["created_at", "2018-07-07 23:32:57.523578"], ["updated_at", "2018-07-07 23:32:57.523578"]]
  ↳ app/controllers/users_controller.rb:30
  [1m[35m (1.9ms)[0m  [1m[36mcommit transaction[0m
  ↳ app/controllers/users_controller.rb:30
Redirected to http://localhost:3000/users/1
Completed 302 Found in 10ms (ActiveRecord: 3.8ms)


Started GET "/users/1" for 127.0.0.1 at 2018-07-07 19:32:57 -0400
Processing by UsersController#show as HTML
  Parameters: {"id"=>"1"}
  [1m[36mUser Load (0.2ms)[0m  [1m[34mSELECT  "users".* FROM "users" WHERE "users"."id" = ? LIMIT ?[0m  [["id", 1], ["LIMIT", 1]]
  ↳ app/controllers/users_controller.rb:67
  Rendering users/show.html.erb within layouts/application
  Rendered users/show.html.erb within layouts/application (1.4ms)
Completed 200 OK in 47ms (Views: 34.8ms | ActiveRecord: 0.2ms)


Started GET "/users/1/edit" for 127.0.0.1 at 2018-07-07 19:33:32 -0400
Processing by UsersController#edit as HTML
  Parameters: {"id"=>"1"}
  [1m[36mUser Load (0.2ms)[0m  [1m[34mSELECT  "users".* FROM "users" WHERE "users"."id" = ? LIMIT ?[0m  [["id", 1], ["LIMIT", 1]]
  ↳ app/controllers/users_controller.rb:67
  Rendering users/edit.html.erb within layouts/application
  Rendered users/_form.html.erb (5.2ms)
  Rendered users/edit.html.erb within layouts/application (11.9ms)
Completed 200 OK in 72ms (Views: 66.4ms | ActiveRecord: 0.2ms)


Started PATCH "/users/1" for 127.0.0.1 at 2018-07-07 19:33:42 -0400
Processing by UsersController#update as HTML
  Parameters: {"utf8"=>"✓", "authenticity_token"=>"lPsWiMhTobM/YsmCJDZQrQemKFPjkoAsRGaT/k82cULO8J/Kp+KUJX8NOzjOxU4xIY0jjm02uYQZ4XmQuMA9hw==", "user"=>{"name"=>"Ashley Smith", "email"=>"aodom3@gmail.com"}, "commit"=>"Update User", "id"=>"1"}
  [1m[36mUser Load (0.2ms)[0m  [1m[34mSELECT  "users".* FROM "users" WHERE "users"."id" = ? LIMIT ?[0m  [["id", 1], ["LIMIT", 1]]
  ↳ app/controllers/users_controller.rb:67
  [1m[35m (0.1ms)[0m  [1m[36mbegin transaction[0m
  ↳ app/controllers/users_controller.rb:44
  [1m[36mUser Update (0.6ms)[0m  [1m[33mUPDATE "users" SET "name" = ?, "updated_at" = ? WHERE "users"."id" = ?[0m  [["name", "Ashley Smith"], ["updated_at", "2018-07-07 23:33:42.497801"], ["id", 1]]
  ↳ app/controllers/users_controller.rb:44
  [1m[35m (2.5ms)[0m  [1m[36mcommit transaction[0m
  ↳ app/controllers/users_controller.rb:44
Redirected to http://localhost:3000/users/1
Completed 302 Found in 12ms (ActiveRecord: 3.4ms)


Started GET "/users/1" for 127.0.0.1 at 2018-07-07 19:33:42 -0400
Processing by UsersController#show as HTML
  Parameters: {"id"=>"1"}
  [1m[36mUser Load (0.2ms)[0m  [1m[34mSELECT  "users".* FROM "users" WHERE "users"."id" = ? LIMIT ?[0m  [["id", 1], ["LIMIT", 1]]
  ↳ app/controllers/users_controller.rb:67
  Rendering users/show.html.erb within layouts/application
  Rendered users/show.html.erb within layouts/application (0.8ms)
Completed 200 OK in 46ms (Views: 39.1ms | ActiveRecord: 0.2ms)


Started GET "/users" for 127.0.0.1 at 2018-07-07 19:34:18 -0400
Processing by UsersController#index as HTML
  Rendering users/index.html.erb within layouts/application
  [1m[36mUser Load (0.2ms)[0m  [1m[34mSELECT "users".* FROM "users"[0m
  ↳ app/views/users/index.html.erb:15
  Rendered users/index.html.erb within layouts/application (2.1ms)
Completed 200 OK in 46ms (Views: 41.3ms | ActiveRecord: 0.2ms)


Started GET "/users/new" for 127.0.0.1 at 2018-07-07 19:34:19 -0400
Processing by UsersController#new as HTML
  Rendering users/new.html.erb within layouts/application
  Rendered users/_form.html.erb (3.0ms)
  Rendered users/new.html.erb within layouts/application (7.0ms)
Completed 200 OK in 58ms (Views: 51.8ms | ActiveRecord: 0.0ms)


Started POST "/users" for 127.0.0.1 at 2018-07-07 19:35:15 -0400
Processing by UsersController#create as HTML
  Parameters: {"utf8"=>"✓", "authenticity_token"=>"Ljv/UUL2QLnjBFK5CvBwHNX7yjAewvOIt9PmXI63U9dBQ/oIaZgV9dbiifELlKZ0L/0BsgXpsdxvHcnG6IiNUQ==", "user"=>{"name"=>"Olivia Williams", "email"=>"olive@gmail.com"}, "commit"=>"Create User"}
  [1m[35m (0.1ms)[0m  [1m[36mbegin transaction[0m
  ↳ app/controllers/users_controller.rb:30
  [1m[36mUser Create (0.4ms)[0m  [1m[32mINSERT INTO "users" ("name", "email", "created_at", "updated_at") VALUES (?, ?, ?, ?)[0m  [["name", "Olivia Williams"], ["email", "olive@gmail.com"], ["created_at", "2018-07-07 23:35:15.666127"], ["updated_at", "2018-07-07 23:35:15.666127"]]
  ↳ app/controllers/users_controller.rb:30
  [1m[35m (1.6ms)[0m  [1m[36mcommit transaction[0m
  ↳ app/controllers/users_controller.rb:30
Redirected to http://localhost:3000/users/2
Completed 302 Found in 6ms (ActiveRecord: 2.1ms)


Started GET "/users/2" for 127.0.0.1 at 2018-07-07 19:35:15 -0400
Processing by UsersController#show as HTML
  Parameters: {"id"=>"2"}
  [1m[36mUser Load (0.2ms)[0m  [1m[34mSELECT  "users".* FROM "users" WHERE "users"."id" = ? LIMIT ?[0m  [["id", 2], ["LIMIT", 1]]
  ↳ app/controllers/users_controller.rb:67
  Rendering users/show.html.erb within layouts/application
  Rendered users/show.html.erb within layouts/application (1.2ms)
Completed 200 OK in 31ms (Views: 26.0ms | ActiveRecord: 0.2ms)


Started GET "/users" for 127.0.0.1 at 2018-07-07 19:35:20 -0400
Processing by UsersController#index as HTML
  Rendering users/index.html.erb within layouts/application
  [1m[36mUser Load (0.3ms)[0m  [1m[34mSELECT "users".* FROM "users"[0m
  ↳ app/views/users/index.html.erb:15
  Rendered users/index.html.erb within layouts/application (2.7ms)
Completed 200 OK in 55ms (Views: 51.0ms | ActiveRecord: 0.3ms)


Started DELETE "/users/2" for 127.0.0.1 at 2018-07-07 20:27:59 -0400
Processing by UsersController#destroy as HTML
  Parameters: {"authenticity_token"=>"VRHJHhHcr09o0OLQb1T5/1f17/+w9mtq9aqeDsPjD8Mlfleoi03oTh40IHy8ez4HXRVsiQYmz6SLfcGygabCzA==", "id"=>"2"}
  [1m[36mUser Load (1.3ms)[0m  [1m[34mSELECT  "users".* FROM "users" WHERE "users"."id" = ? LIMIT ?[0m  [["id", 2], ["LIMIT", 1]]
  ↳ app/controllers/users_controller.rb:67
  [1m[35m (0.1ms)[0m  [1m[36mbegin transaction[0m
  ↳ app/controllers/users_controller.rb:57
  [1m[36mUser Destroy (2.7ms)[0m  [1m[31mDELETE FROM "users" WHERE "users"."id" = ?[0m  [["id", 2]]
  ↳ app/controllers/users_controller.rb:57
  [1m[35m (2.1ms)[0m  [1m[36mcommit transaction[0m
  ↳ app/controllers/users_controller.rb:57
Redirected to http://localhost:3000/users
Completed 302 Found in 11ms (ActiveRecord: 6.2ms)


Started GET "/users" for 127.0.0.1 at 2018-07-07 20:27:59 -0400
Processing by UsersController#index as HTML
  Rendering users/index.html.erb within layouts/application
  [1m[36mUser Load (0.2ms)[0m  [1m[34mSELECT "users".* FROM "users"[0m
  ↳ app/views/users/index.html.erb:15
  Rendered users/index.html.erb within layouts/application (1.8ms)
Completed 200 OK in 67ms (Views: 61.2ms | ActiveRecord: 0.2ms)


Started GET "/users/new" for 127.0.0.1 at 2018-07-07 20:28:34 -0400
Processing by UsersController#new as HTML
  Rendering users/new.html.erb within layouts/application
  Rendered users/_form.html.erb (3.9ms)
  Rendered users/new.html.erb within layouts/application (16.2ms)
Completed 200 OK in 61ms (Views: 56.0ms | ActiveRecord: 0.0ms)


Started POST "/users" for 127.0.0.1 at 2018-07-07 20:28:48 -0400
Processing by UsersController#create as HTML
  Parameters: {"utf8"=>"✓", "authenticity_token"=>"PA5Wn6jdTRUt7M9QJpp7s60fpOxfoLhAJkgVSxgd0dNTdlPGg7MYWRgKFBgn/q3bVxlvbkSL+hT+hjrRfiIPVQ==", "user"=>{"name"=>"Olivia Williams", "email"=>"olive@example.com"}, "commit"=>"Create User"}
  [1m[35m (0.1ms)[0m  [1m[36mbegin transaction[0m
  ↳ app/controllers/users_controller.rb:30
  [1m[36mUser Create (1.9ms)[0m  [1m[32mINSERT INTO "users" ("name", "email", "created_at", "updated_at") VALUES (?, ?, ?, ?)[0m  [["name", "Olivia Williams"], ["email", "olive@example.com"], ["created_at", "2018-07-08 00:28:48.953367"], ["updated_at", "2018-07-08 00:28:48.953367"]]
  ↳ app/controllers/users_controller.rb:30
  [1m[35m (1.8ms)[0m  [1m[36mcommit transaction[0m
  ↳ app/controllers/users_controller.rb:30
Redirected to http://localhost:3000/users/3
Completed 302 Found in 8ms (ActiveRecord: 3.8ms)


Started GET "/users/3" for 127.0.0.1 at 2018-07-07 20:28:48 -0400
Processing by UsersController#show as HTML
  Parameters: {"id"=>"3"}
  [1m[36mUser Load (0.2ms)[0m  [1m[34mSELECT  "users".* FROM "users" WHERE "users"."id" = ? LIMIT ?[0m  [["id", 3], ["LIMIT", 1]]
  ↳ app/controllers/users_controller.rb:67
  Rendering users/show.html.erb within layouts/application
  Rendered users/show.html.erb within layouts/application (0.7ms)
Completed 200 OK in 33ms (Views: 27.6ms | ActiveRecord: 0.2ms)


Started GET "/users" for 127.0.0.1 at 2018-07-07 20:28:54 -0400
Processing by UsersController#index as HTML
  Rendering users/index.html.erb within layouts/application
  [1m[36mUser Load (0.3ms)[0m  [1m[34mSELECT "users".* FROM "users"[0m
  ↳ app/views/users/index.html.erb:15
  Rendered users/index.html.erb within layouts/application (4.5ms)
Completed 200 OK in 44ms (Views: 40.0ms | ActiveRecord: 0.3ms)


Started GET "/users/new" for 127.0.0.1 at 2018-07-07 20:29:11 -0400
Processing by UsersController#new as HTML
  Rendering users/new.html.erb within layouts/application
  Rendered users/_form.html.erb (3.3ms)
  Rendered users/new.html.erb within layouts/application (13.0ms)
Completed 200 OK in 60ms (Views: 56.5ms | ActiveRecord: 0.0ms)


Started POST "/users" for 127.0.0.1 at 2018-07-07 20:29:28 -0400
Processing by UsersController#create as HTML
  Parameters: {"utf8"=>"✓", "authenticity_token"=>"ihzEqo55P1Wg3z81SSFxQdXGsdbA8kO9XD4ADGGWeRjlZMHzpRdqGZU55H1IRacpL8B6VNvZAemE8C+WB6mnng==", "user"=>{"name"=>"Sean Meadows", "email"=>""}, "commit"=>"Create User"}
  [1m[35m (0.1ms)[0m  [1m[36mbegin transaction[0m
  ↳ app/controllers/users_controller.rb:30
  [1m[36mUser Create (0.6ms)[0m  [1m[32mINSERT INTO "users" ("name", "email", "created_at", "updated_at") VALUES (?, ?, ?, ?)[0m  [["name", "Sean Meadows"], ["email", ""], ["created_at", "2018-07-08 00:29:28.217352"], ["updated_at", "2018-07-08 00:29:28.217352"]]
  ↳ app/controllers/users_controller.rb:30
  [1m[35m (2.0ms)[0m  [1m[36mcommit transaction[0m
  ↳ app/controllers/users_controller.rb:30
Redirected to http://localhost:3000/users/4
Completed 302 Found in 7ms (ActiveRecord: 2.7ms)


Started GET "/users/4" for 127.0.0.1 at 2018-07-07 20:29:28 -0400
Processing by UsersController#show as HTML
  Parameters: {"id"=>"4"}
  [1m[36mUser Load (0.2ms)[0m  [1m[34mSELECT  "users".* FROM "users" WHERE "users"."id" = ? LIMIT ?[0m  [["id", 4], ["LIMIT", 1]]
  ↳ app/controllers/users_controller.rb:67
  Rendering users/show.html.erb within layouts/application
  Rendered users/show.html.erb within layouts/application (0.7ms)
Completed 200 OK in 39ms (Views: 32.2ms | ActiveRecord: 0.2ms)


Started GET "/users" for 127.0.0.1 at 2018-07-07 20:29:30 -0400
Processing by UsersController#index as HTML
  Rendering users/index.html.erb within layouts/application
  [1m[36mUser Load (0.2ms)[0m  [1m[34mSELECT "users".* FROM "users"[0m
  ↳ app/views/users/index.html.erb:15
  Rendered users/index.html.erb within layouts/application (19.3ms)
Completed 200 OK in 63ms (Views: 58.8ms | ActiveRecord: 0.2ms)


Started GET "/users" for 127.0.0.1 at 2018-07-07 22:11:47 -0400
Processing by UsersController#index as HTML
  Rendering users/index.html.erb within layouts/application
  [1m[36mUser Load (0.2ms)[0m  [1m[34mSELECT "users".* FROM "users"[0m
  ↳ app/views/users/index.html.erb:15
  Rendered users/index.html.erb within layouts/application (8.1ms)
Completed 200 OK in 40ms (Views: 30.7ms | ActiveRecord: 0.7ms)


Started GET "/users/4" for 127.0.0.1 at 2018-07-07 22:11:49 -0400
Processing by UsersController#show as HTML
  Parameters: {"id"=>"4"}
  [1m[36mUser Load (0.3ms)[0m  [1m[34mSELECT  "users".* FROM "users" WHERE "users"."id" = ? LIMIT ?[0m  [["id", 4], ["LIMIT", 1]]
  ↳ app/controllers/users_controller.rb:67
  Rendering users/show.html.erb within layouts/application
  Rendered users/show.html.erb within layouts/application (1.3ms)
Completed 200 OK in 65ms (Views: 59.2ms | ActiveRecord: 0.3ms)


Started GET "/users" for 127.0.0.1 at 2018-07-07 22:11:50 -0400
Processing by UsersController#index as HTML
  Rendering users/index.html.erb within layouts/application
  [1m[36mUser Load (0.3ms)[0m  [1m[34mSELECT "users".* FROM "users"[0m
  ↳ app/views/users/index.html.erb:15
  Rendered users/index.html.erb within layouts/application (8.2ms)
Completed 200 OK in 70ms (Views: 65.4ms | ActiveRecord: 0.3ms)


Started GET "/users/3" for 127.0.0.1 at 2018-07-07 22:11:51 -0400
Processing by UsersController#show as HTML
  Parameters: {"id"=>"3"}
  [1m[36mUser Load (0.1ms)[0m  [1m[34mSELECT  "users".* FROM "users" WHERE "users"."id" = ? LIMIT ?[0m  [["id", 3], ["LIMIT", 1]]
  ↳ app/controllers/users_controller.rb:67
  Rendering users/show.html.erb within layouts/application
  Rendered users/show.html.erb within layouts/application (0.7ms)
Completed 200 OK in 63ms (Views: 57.6ms | ActiveRecord: 0.1ms)


Started GET "/users/2" for 127.0.0.1 at 2018-07-07 22:11:54 -0400
Processing by UsersController#show as HTML
  Parameters: {"id"=>"2"}
  [1m[36mUser Load (0.1ms)[0m  [1m[34mSELECT  "users".* FROM "users" WHERE "users"."id" = ? LIMIT ?[0m  [["id", 2], ["LIMIT", 1]]
  ↳ app/controllers/users_controller.rb:67
Completed 404 Not Found in 2ms (ActiveRecord: 0.1ms)


  
ActiveRecord::RecordNotFound (Couldn't find User with 'id'=2):
  
app/controllers/users_controller.rb:67:in `set_user'
Started GET "/users/2" for 127.0.0.1 at 2018-07-07 22:11:56 -0400
Processing by UsersController#show as HTML
  Parameters: {"id"=>"2"}
  [1m[36mUser Load (0.1ms)[0m  [1m[34mSELECT  "users".* FROM "users" WHERE "users"."id" = ? LIMIT ?[0m  [["id", 2], ["LIMIT", 1]]
  ↳ app/controllers/users_controller.rb:67
Completed 404 Not Found in 1ms (ActiveRecord: 0.1ms)


  
ActiveRecord::RecordNotFound (Couldn't find User with 'id'=2):
  
app/controllers/users_controller.rb:67:in `set_user'
Started GET "/" for 127.0.0.1 at 2018-07-07 22:12:03 -0400
Processing by UsersController#index as HTML
  Rendering users/index.html.erb within layouts/application
  [1m[36mUser Load (0.2ms)[0m  [1m[34mSELECT "users".* FROM "users"[0m
  ↳ app/views/users/index.html.erb:15
  Rendered users/index.html.erb within layouts/application (2.9ms)
Completed 200 OK in 55ms (Views: 48.9ms | ActiveRecord: 0.2ms)


Started GET "/" for 127.0.0.1 at 2018-07-07 22:16:15 -0400
Processing by UsersController#index as HTML
  Rendering users/index.html.erb within layouts/application
  [1m[36mUser Load (0.3ms)[0m  [1m[34mSELECT "users".* FROM "users"[0m
  ↳ app/views/users/index.html.erb:15
  Rendered users/index.html.erb within layouts/application (4.8ms)
Completed 200 OK in 42ms (Views: 36.9ms | ActiveRecord: 0.3ms)


  [1m[35m (2.3ms)[0m  [1m[34mSELECT "schema_migrations"."version" FROM "schema_migrations" ORDER BY "schema_migrations"."version" ASC[0m
  ↳ bin/rails:9
Migrating to CreateMicroposts (20180708022317)
  [1m[35m (0.1ms)[0m  [1m[36mbegin transaction[0m
  ↳ bin/rails:9
  [1m[35m (0.1ms)[0m  [1m[34mSELECT sqlite_version(*)[0m
  ↳ db/migrate/20180708022317_create_microposts.rb:3
  [1m[35m (0.5ms)[0m  [1m[35mCREATE TABLE "microposts" ("id" integer PRIMARY KEY AUTOINCREMENT NOT NULL, "content" text, "user_id" integer, "created_at" datetime NOT NULL, "updated_at" datetime NOT NULL)[0m
  ↳ db/migrate/20180708022317_create_microposts.rb:3
  [1m[36mActiveRecord::SchemaMigration Create (1.5ms)[0m  [1m[32mINSERT INTO "schema_migrations" ("version") VALUES (?)[0m  [["version", "20180708022317"]]
  ↳ bin/rails:9
  [1m[35m (2.5ms)[0m  [1m[36mcommit transaction[0m
  ↳ bin/rails:9
  [1m[36mActiveRecord::InternalMetadata Load (1.8ms)[0m  [1m[34mSELECT  "ar_internal_metadata".* FROM "ar_internal_metadata" WHERE "ar_internal_metadata"."key" = ? LIMIT ?[0m  [["key", "environment"], ["LIMIT", 1]]
  ↳ bin/rails:9
  [1m[35m (0.1ms)[0m  [1m[36mbegin transaction[0m
  ↳ bin/rails:9
  [1m[35m (0.0ms)[0m  [1m[36mcommit transaction[0m
  ↳ bin/rails:9
  [1m[35m (0.3ms)[0m  [1m[34mSELECT "schema_migrations"."version" FROM "schema_migrations" ORDER BY "schema_migrations"."version" ASC[0m
  ↳ bin/rails:9
Started GET "/microposts/new" for 127.0.0.1 at 2018-07-07 22:25:08 -0400
  [1m[35m (0.2ms)[0m  [1m[34mSELECT "schema_migrations"."version" FROM "schema_migrations" ORDER BY "schema_migrations"."version" ASC[0m
  ↳ /Users/cbatlstudent18cycle1/.rbenv/versions/2.5.1/lib/ruby/gems/2.5.0/gems/activerecord-5.2.0/lib/active_record/log_subscriber.rb:98
Processing by MicropostsController#new as HTML
  Rendering microposts/new.html.erb within layouts/application
  Rendered microposts/_form.html.erb (7.7ms)
  Rendered microposts/new.html.erb within layouts/application (13.7ms)
Completed 200 OK in 147ms (Views: 130.4ms | ActiveRecord: 1.0ms)


Started POST "/microposts" for 127.0.0.1 at 2018-07-07 22:26:03 -0400
Processing by MicropostsController#create as HTML
  Parameters: {"utf8"=>"✓", "authenticity_token"=>"BHlfwg69Qix3sF/+IEt0onzZayrmVkhOHa6fTEg3YKF0FsF0lCwFLQFUnVLzZLNadjnoXFCG7IBjecDwCnKtrg==", "micropost"=>{"content"=>"wicked wicked wicked", "user_id"=>"1"}, "commit"=>"Create Micropost"}
  [1m[35m (0.1ms)[0m  [1m[36mbegin transaction[0m
  ↳ app/controllers/microposts_controller.rb:30
  [1m[36mMicropost Create (1.6ms)[0m  [1m[32mINSERT INTO "microposts" ("content", "user_id", "created_at", "updated_at") VALUES (?, ?, ?, ?)[0m  [["content", "wicked wicked wicked"], ["user_id", 1], ["created_at", "2018-07-08 02:26:03.176646"], ["updated_at", "2018-07-08 02:26:03.176646"]]
  ↳ app/controllers/microposts_controller.rb:30
  [1m[35m (2.0ms)[0m  [1m[36mcommit transaction[0m
  ↳ app/controllers/microposts_controller.rb:30
Redirected to http://localhost:3000/microposts/1
Completed 302 Found in 8ms (ActiveRecord: 3.7ms)


Started GET "/microposts/1" for 127.0.0.1 at 2018-07-07 22:26:03 -0400
Processing by MicropostsController#show as HTML
  Parameters: {"id"=>"1"}
  [1m[36mMicropost Load (0.4ms)[0m  [1m[34mSELECT  "microposts".* FROM "microposts" WHERE "microposts"."id" = ? LIMIT ?[0m  [["id", 1], ["LIMIT", 1]]
  ↳ app/controllers/microposts_controller.rb:67
  Rendering microposts/show.html.erb within layouts/application
  Rendered microposts/show.html.erb within layouts/application (1.1ms)
Completed 200 OK in 36ms (Views: 29.3ms | ActiveRecord: 0.4ms)


Started GET "/microposts" for 127.0.0.1 at 2018-07-07 22:26:08 -0400
Processing by MicropostsController#index as HTML
  Rendering microposts/index.html.erb within layouts/application
  [1m[36mMicropost Load (0.2ms)[0m  [1m[34mSELECT "microposts".* FROM "microposts"[0m
  ↳ app/views/microposts/index.html.erb:15
  Rendered microposts/index.html.erb within layouts/application (3.3ms)
Completed 200 OK in 72ms (Views: 65.3ms | ActiveRecord: 0.2ms)


Started GET "/microposts/new" for 127.0.0.1 at 2018-07-07 22:26:10 -0400
Processing by MicropostsController#new as HTML
  Rendering microposts/new.html.erb within layouts/application
  Rendered microposts/_form.html.erb (6.7ms)
  Rendered microposts/new.html.erb within layouts/application (12.5ms)
Completed 200 OK in 68ms (Views: 64.5ms | ActiveRecord: 0.0ms)


Started POST "/microposts" for 127.0.0.1 at 2018-07-07 22:26:24 -0400
Processing by MicropostsController#create as HTML
  Parameters: {"utf8"=>"✓", "authenticity_token"=>"OQNSmh4oiKNXuyclAbA9othWNRdDWdV3kiJ16qZOXw5qioZZdCD/lmoTS3Rc6MSqgm1P27b0uTNUTZv9CuBbew==", "micropost"=>{"content"=>"bhygyxxddfkj", "user_id"=>"3"}, "commit"=>"Create Micropost"}
  [1m[35m (0.1ms)[0m  [1m[36mbegin transaction[0m
  ↳ app/controllers/microposts_controller.rb:30
  [1m[36mMicropost Create (0.4ms)[0m  [1m[32mINSERT INTO "microposts" ("content", "user_id", "created_at", "updated_at") VALUES (?, ?, ?, ?)[0m  [["content", "bhygyxxddfkj"], ["user_id", 3], ["created_at", "2018-07-08 02:26:24.667105"], ["updated_at", "2018-07-08 02:26:24.667105"]]
  ↳ app/controllers/microposts_controller.rb:30
  [1m[35m (1.7ms)[0m  [1m[36mcommit transaction[0m
  ↳ app/controllers/microposts_controller.rb:30
Redirected to http://localhost:3000/microposts/2
Completed 302 Found in 6ms (ActiveRecord: 2.2ms)


Started GET "/microposts/2" for 127.0.0.1 at 2018-07-07 22:26:24 -0400
Processing by MicropostsController#show as HTML
  Parameters: {"id"=>"2"}
  [1m[36mMicropost Load (0.2ms)[0m  [1m[34mSELECT  "microposts".* FROM "microposts" WHERE "microposts"."id" = ? LIMIT ?[0m  [["id", 2], ["LIMIT", 1]]
  ↳ app/controllers/microposts_controller.rb:67
  Rendering microposts/show.html.erb within layouts/application
  Rendered microposts/show.html.erb within layouts/application (1.0ms)
Completed 200 OK in 39ms (Views: 31.8ms | ActiveRecord: 0.2ms)


Started GET "/microposts" for 127.0.0.1 at 2018-07-07 22:26:27 -0400
Processing by MicropostsController#index as HTML
  Rendering microposts/index.html.erb within layouts/application
  [1m[36mMicropost Load (0.2ms)[0m  [1m[34mSELECT "microposts".* FROM "microposts"[0m
  ↳ app/views/microposts/index.html.erb:15
  Rendered microposts/index.html.erb within layouts/application (3.7ms)
Completed 200 OK in 54ms (Views: 50.4ms | ActiveRecord: 0.2ms)


Started GET "/microposts/new" for 127.0.0.1 at 2018-07-07 22:26:58 -0400
Processing by MicropostsController#new as HTML
  Rendering microposts/new.html.erb within layouts/application
  Rendered microposts/_form.html.erb (4.4ms)
  Rendered microposts/new.html.erb within layouts/application (10.5ms)
Completed 200 OK in 60ms (Views: 55.6ms | ActiveRecord: 0.0ms)


Started POST "/microposts" for 127.0.0.1 at 2018-07-07 22:27:00 -0400
Processing by MicropostsController#create as HTML
  Parameters: {"utf8"=>"✓", "authenticity_token"=>"vc/FjCshtcQlKtyHYY4Yc9uauuRH+UqdS4qHYuLkU6PuRhFPQSnC8RiCsNY81uF7gaHAKLJUJtmN5Wl1TkpX1g==", "micropost"=>{"content"=>"", "user_id"=>""}, "commit"=>"Create Micropost"}
  [1m[35m (0.1ms)[0m  [1m[36mbegin transaction[0m
  ↳ app/controllers/microposts_controller.rb:30
  [1m[36mMicropost Create (0.5ms)[0m  [1m[32mINSERT INTO "microposts" ("content", "created_at", "updated_at") VALUES (?, ?, ?)[0m  [["content", ""], ["created_at", "2018-07-08 02:27:00.258847"], ["updated_at", "2018-07-08 02:27:00.258847"]]
  ↳ app/controllers/microposts_controller.rb:30
  [1m[35m (1.9ms)[0m  [1m[36mcommit transaction[0m
  ↳ app/controllers/microposts_controller.rb:30
Redirected to http://localhost:3000/microposts/3
Completed 302 Found in 7ms (ActiveRecord: 2.5ms)


Started GET "/microposts/3" for 127.0.0.1 at 2018-07-07 22:27:00 -0400
Processing by MicropostsController#show as HTML
  Parameters: {"id"=>"3"}
  [1m[36mMicropost Load (0.2ms)[0m  [1m[34mSELECT  "microposts".* FROM "microposts" WHERE "microposts"."id" = ? LIMIT ?[0m  [["id", 3], ["LIMIT", 1]]
  ↳ app/controllers/microposts_controller.rb:67
  Rendering microposts/show.html.erb within layouts/application
  Rendered microposts/show.html.erb within layouts/application (0.7ms)
Completed 200 OK in 41ms (Views: 36.0ms | ActiveRecord: 0.2ms)


Started GET "/microposts" for 127.0.0.1 at 2018-07-07 22:27:03 -0400
Processing by MicropostsController#index as HTML
  Rendering microposts/index.html.erb within layouts/application
  [1m[36mMicropost Load (0.2ms)[0m  [1m[34mSELECT "microposts".* FROM "microposts"[0m
  ↳ app/views/microposts/index.html.erb:15
  Rendered microposts/index.html.erb within layouts/application (2.2ms)
Completed 200 OK in 54ms (Views: 49.3ms | ActiveRecord: 0.2ms)


Started GET "/microposts/new" for 127.0.0.1 at 2018-07-07 22:33:26 -0400
Processing by MicropostsController#new as HTML
  Rendering microposts/new.html.erb within layouts/application
  Rendered microposts/_form.html.erb (4.7ms)
  Rendered microposts/new.html.erb within layouts/application (11.6ms)
Completed 200 OK in 85ms (Views: 79.3ms | ActiveRecord: 0.0ms)


Started POST "/microposts" for 127.0.0.1 at 2018-07-07 22:34:09 -0400
Processing by MicropostsController#create as HTML
  Parameters: {"utf8"=>"✓", "authenticity_token"=>"aIMDSGBF1h8ag2tidlv6+g/Xv5BlYih/HfHBKL4X2Vo7CteLCk2hKicrBzMrAwPyVezFXJDPRDvbni8/ErndLw==", "micropost"=>{"content"=>"Cupcake ipsum dolor sit amet bear claw tootsie roll marzipan. Liquorice cookie jujubes cheesecake fruitcake liquorice. Soufflé chupa chups dragée soufflé cake tootsie roll.Cupcake ipsum dolor sit amet bear claw tootsie roll marzipan. Liquorice cookie jujubes cheesecake fruitcake liquorice. Soufflé chupa chups dragée soufflé cake tootsie roll.jkjkjljlkjljjljljkljljljlkjkljkljkljkljkljkjljkljlkjkljkjlkjjkljljlkjlkjlkjljljklj", "user_id"=>"1"}, "commit"=>"Create Micropost"}
  [1m[35m (0.1ms)[0m  [1m[36mbegin transaction[0m
  ↳ app/controllers/microposts_controller.rb:30
  [1m[36mMicropost Create (2.4ms)[0m  [1m[32mINSERT INTO "microposts" ("content", "user_id", "created_at", "updated_at") VALUES (?, ?, ?, ?)[0m  [["content", "Cupcake ipsum dolor sit amet bear claw tootsie roll marzipan. Liquorice cookie jujubes cheesecake fruitcake liquorice. Soufflé chupa chups dragée soufflé cake tootsie roll.Cupcake ipsum dolor sit amet bear claw tootsie roll marzipan. Liquorice cookie jujubes cheesecake fruitcake liquorice. Soufflé chupa chups dragée soufflé cake tootsie roll.jkjkjljlkjljjljljkljljljlkjkljkljkljkljkljkjljkljlkjkljkjlkjjkljljlkjlkjlkjljljklj"], ["user_id", 1], ["created_at", "2018-07-08 02:34:09.712730"], ["updated_at", "2018-07-08 02:34:09.712730"]]
  ↳ app/controllers/microposts_controller.rb:30
  [1m[35m (2.7ms)[0m  [1m[36mcommit transaction[0m
  ↳ app/controllers/microposts_controller.rb:30
Redirected to http://localhost:3000/microposts/4
Completed 302 Found in 10ms (ActiveRecord: 5.2ms)


Started GET "/microposts/4" for 127.0.0.1 at 2018-07-07 22:34:09 -0400
Processing by MicropostsController#show as HTML
  Parameters: {"id"=>"4"}
  [1m[36mMicropost Load (0.2ms)[0m  [1m[34mSELECT  "microposts".* FROM "microposts" WHERE "microposts"."id" = ? LIMIT ?[0m  [["id", 4], ["LIMIT", 1]]
  ↳ app/controllers/microposts_controller.rb:67
  Rendering microposts/show.html.erb within layouts/application
  Rendered microposts/show.html.erb within layouts/application (0.9ms)
Completed 200 OK in 58ms (Views: 52.1ms | ActiveRecord: 0.2ms)


Started GET "/microposts" for 127.0.0.1 at 2018-07-07 22:34:15 -0400
Processing by MicropostsController#index as HTML
  Rendering microposts/index.html.erb within layouts/application
  [1m[36mMicropost Load (0.3ms)[0m  [1m[34mSELECT "microposts".* FROM "microposts"[0m
  ↳ app/views/microposts/index.html.erb:15
  Rendered microposts/index.html.erb within layouts/application (7.6ms)
Completed 200 OK in 59ms (Views: 53.8ms | ActiveRecord: 0.3ms)


Started GET "/microposts/new" for 127.0.0.1 at 2018-07-07 22:37:31 -0400
Processing by MicropostsController#new as HTML
  Rendering microposts/new.html.erb within layouts/application
  Rendered microposts/_form.html.erb (2.6ms)
  Rendered microposts/new.html.erb within layouts/application (7.7ms)
Completed 200 OK in 88ms (Views: 68.7ms | ActiveRecord: 1.0ms)


Started POST "/microposts" for 127.0.0.1 at 2018-07-07 22:37:44 -0400
Processing by MicropostsController#create as HTML
  Parameters: {"utf8"=>"✓", "authenticity_token"=>"jeGqHodrc8j/68BVLraBZ0Vn3nHu1LN+UA5qdgtQT8PeaH7d7WME/cJDrARz7nhvH1ykvRt53zqWYYRhp/5Ltg==", "micropost"=>{"content"=>"Cupcake ipsum dolor sit amet bear claw tootsie roll marzipan. Liquorice cookie jujubes cheesecake fruitcake liquorice. Soufflé chupa chups dragée soufflé cake tootsie roll.Cupcake ipsum dolor sit amet bear claw tootsie roll marzipan. Liquorice cookie jujubes cheesecake fruitcake liquorice. Soufflé chupa chups dragée soufflé cake tootsie roll.", "user_id"=>"-2"}, "commit"=>"Create Micropost"}
  [1m[35m (0.1ms)[0m  [1m[36mbegin transaction[0m
  ↳ app/controllers/microposts_controller.rb:30
  [1m[35m (0.1ms)[0m  [1m[31mrollback transaction[0m
  ↳ app/controllers/microposts_controller.rb:30
  Rendering microposts/new.html.erb within layouts/application
  Rendered microposts/_form.html.erb (3.1ms)
  Rendered microposts/new.html.erb within layouts/application (6.9ms)
Completed 200 OK in 42ms (Views: 38.7ms | ActiveRecord: 0.1ms)


Started GET "/microposts" for 127.0.0.1 at 2018-07-07 22:37:58 -0400
Processing by MicropostsController#index as HTML
  Rendering microposts/index.html.erb within layouts/application
  [1m[36mMicropost Load (0.5ms)[0m  [1m[34mSELECT "microposts".* FROM "microposts"[0m
  ↳ app/views/microposts/index.html.erb:15
  Rendered microposts/index.html.erb within layouts/application (5.8ms)
Completed 200 OK in 74ms (Views: 65.7ms | ActiveRecord: 0.5ms)


Started GET "/microposts" for 127.0.0.1 at 2018-07-08 12:34:55 -0400
Processing by MicropostsController#index as HTML
Completed 500 Internal Server Error in 9ms (ActiveRecord: 0.0ms)


  
SyntaxError (/Users/cbatlstudent18cycle1/ga/wdi/wdi-curriculum/homework/ruby/env/toy_app/app/models/micropost.rb:4: syntax error, unexpected ':', expecting keyword_end
                    prescence: true
                             ^):
  
app/models/micropost.rb:4: syntax error, unexpected ':', expecting keyword_end
app/controllers/microposts_controller.rb:7:in `index'
Started GET "/user" for 127.0.0.1 at 2018-07-08 12:37:34 -0400
  
ActionController::RoutingError (No route matches [GET] "/user"):
  
actionpack (5.2.0) lib/action_dispatch/middleware/debug_exceptions.rb:65:in `call'
web-console (3.6.2) lib/web_console/middleware.rb:135:in `call_app'
web-console (3.6.2) lib/web_console/middleware.rb:30:in `block in call'
web-console (3.6.2) lib/web_console/middleware.rb:20:in `catch'
web-console (3.6.2) lib/web_console/middleware.rb:20:in `call'
actionpack (5.2.0) lib/action_dispatch/middleware/show_exceptions.rb:33:in `call'
railties (5.2.0) lib/rails/rack/logger.rb:38:in `call_app'
railties (5.2.0) lib/rails/rack/logger.rb:26:in `block in call'
activesupport (5.2.0) lib/active_support/tagged_logging.rb:71:in `block in tagged'
activesupport (5.2.0) lib/active_support/tagged_logging.rb:28:in `tagged'
activesupport (5.2.0) lib/active_support/tagged_logging.rb:71:in `tagged'
railties (5.2.0) lib/rails/rack/logger.rb:26:in `call'
sprockets-rails (3.2.1) lib/sprockets/rails/quiet_assets.rb:13:in `call'
actionpack (5.2.0) lib/action_dispatch/middleware/remote_ip.rb:81:in `call'
actionpack (5.2.0) lib/action_dispatch/middleware/request_id.rb:27:in `call'
rack (2.0.5) lib/rack/method_override.rb:22:in `call'
rack (2.0.5) lib/rack/runtime.rb:22:in `call'
activesupport (5.2.0) lib/active_support/cache/strategy/local_cache_middleware.rb:29:in `call'
actionpack (5.2.0) lib/action_dispatch/middleware/executor.rb:14:in `call'
actionpack (5.2.0) lib/action_dispatch/middleware/static.rb:127:in `call'
rack (2.0.5) lib/rack/sendfile.rb:111:in `call'
railties (5.2.0) lib/rails/engine.rb:524:in `call'
puma (3.11.4) lib/puma/configuration.rb:225:in `call'
puma (3.11.4) lib/puma/server.rb:632:in `handle_request'
puma (3.11.4) lib/puma/server.rb:446:in `process_client'
puma (3.11.4) lib/puma/server.rb:306:in `block in run'
puma (3.11.4) lib/puma/thread_pool.rb:120:in `block in spawn_thread'
Started GET "/users" for 127.0.0.1 at 2018-07-08 12:37:50 -0400
Processing by UsersController#index as HTML
Completed 500 Internal Server Error in 24ms (ActiveRecord: 0.0ms)


  
NameError (uninitialized constant User::FILL_IN):
  
app/models/user.rb:3:in `<class:User>'
app/models/user.rb:1:in `<main>'
app/controllers/users_controller.rb:7:in `index'
Started GET "/" for 127.0.0.1 at 2018-07-08 13:00:24 -0400
Processing by UsersController#index as HTML
Completed 500 Internal Server Error in 38ms (ActiveRecord: 0.0ms)


  
NameError (uninitialized constant User::FILL_IN):
  
app/models/user.rb:3:in `<class:User>'
app/models/user.rb:1:in `<main>'
app/controllers/users_controller.rb:7:in `index'
